<?xml version="1.0" encoding="UTF-8"?>
<!-- Generated by org.testng.reporters.JUnitReportReporter -->
<testsuite skipped="0" hostname="LAPTOP-U3PO2TCO" name="com.urbanladder.runner.TestRunner" tests="1" failures="0" timestamp="2021-09-27T12:19:17 IST" time="41.314" errors="0">
  <testcase name="EMIverification" time="41.314" classname="com.urbanladder.runner.TestRunner"/>
  <system-out/>
</testsuite> <!-- com.urbanladder.runner.TestRunner -->
