<?xml version="1.0" encoding="UTF-8"?>
<!-- Generated by org.testng.reporters.JUnitReportReporter -->
<testsuite skipped="0" hostname="LAPTOP-U3PO2TCO" name="com.urbanladder.runner.TestRunner" tests="5" failures="0" timestamp="2021-09-27T08:30:22 IST" time="112.185" errors="0">
  <testcase name="Search_products" time="21.276" classname="com.urbanladder.runner.TestRunner"/>
  <system-out/>
  <testcase name="Search_products" time="22.516" classname="com.urbanladder.runner.TestRunner"/>
  <system-out/>
  <testcase name="Search_products" time="23.289" classname="com.urbanladder.runner.TestRunner"/>
  <system-out/>
  <testcase name="Search_products" time="22.121" classname="com.urbanladder.runner.TestRunner"/>
  <system-out/>
  <testcase name="Search_products" time="22.983" classname="com.urbanladder.runner.TestRunner"/>
  <system-out/>
</testsuite> <!-- com.urbanladder.runner.TestRunner -->
