<?xml version="1.0" encoding="UTF-8"?>
<!-- Generated by org.testng.reporters.JUnitReportReporter -->
<testsuite name="com.urbanladder.runner.TestRunner" tests="14" time="468.594" ignored="0" failures="0" timestamp="26 Sep 2021 06:01:55 GMT" skipped="0" hostname="LAPTOP-U3PO2TCO" errors="0">
  <testcase name="GoogleVerification" time="27.467" classname="com.urbanladder.runner.TestRunner"/>
  <testcase name="author" time="40.797" classname="com.urbanladder.runner.TestRunner"/>
  <testcase name="compareproducts" time="57.462" classname="com.urbanladder.runner.TestRunner"/>
  <testcase name="count" time="27.084" classname="com.urbanladder.runner.TestRunner"/>
  <testcase name="Search_products" time="26.862" classname="com.urbanladder.runner.TestRunner"/>
  <testcase name="Search_products" time="25.300" classname="com.urbanladder.runner.TestRunner"/>
  <testcase name="Search_products" time="27.222" classname="com.urbanladder.runner.TestRunner"/>
  <testcase name="StoreVerification" time="30.630" classname="com.urbanladder.runner.TestRunner"/>
  <testcase name="Search_products" time="27.966" classname="com.urbanladder.runner.TestRunner"/>
  <testcase name="EMIverification" time="29.868" classname="com.urbanladder.runner.TestRunner"/>
  <testcase name="helpverification" time="20.778" classname="com.urbanladder.runner.TestRunner"/>
  <testcase name="Search_products" time="47.025" classname="com.urbanladder.runner.TestRunner"/>
  <testcase name="addcart" time="28.637" classname="com.urbanladder.runner.TestRunner"/>
  <testcase name="wishlistVerification" time="51.496" classname="com.urbanladder.runner.TestRunner"/>
</testsuite> <!-- com.urbanladder.runner.TestRunner -->
